<?xml version="1.0" encoding="utf-8"?><testsuites name="pytest tests"><testsuite name="pytest" errors="0" failures="0" skipped="0" tests="5" time="2.150" timestamp="2026-05-23T23:31:24.068534+00:00" hostname="agent-env-f8d93737-bb4e-4764-bfdc-fd9467c22b4f"><testcase classname="backend.tests.test_assets_api.TestAssetsAPI" name="test_list_assets_shape" time="0.387" /><testcase classname="backend.tests.test_assets_api.TestAssetsAPI" name="test_upload_then_list_contains_new_asset" time="0.260" /><testcase classname="backend.tests.test_assets_api.TestAssetsAPI" name="test_delete_asset_soft_deletes" time="0.433" /><testcase classname="backend.tests.test_assets_api.TestAssetsAPI" name="test_delete_nonexistent_asset" time="0.055" /><testcase classname="backend.tests.test_assets_api.TestAssetsAPI" name="test_delete_already_deleted" time="0.947" /></testsuite></testsuites>