<?xml version="1.0" encoding="utf-8"?><testsuites name="pytest tests"><testsuite name="pytest" errors="0" failures="0" skipped="0" tests="26" time="4.048" timestamp="2026-05-24T18:43:56.813720+00:00" hostname="agent-env-f8d93737-bb4e-4764-bfdc-fd9467c22b4f"><testcase classname="backend.tests.test_assets_api.TestAssetsAPI" name="test_list_assets_shape" time="0.394" /><testcase classname="backend.tests.test_assets_api.TestAssetsAPI" name="test_upload_then_list_contains_new_asset" time="0.265" /><testcase classname="backend.tests.test_assets_api.TestAssetsAPI" name="test_delete_asset_soft_deletes" time="0.406" /><testcase classname="backend.tests.test_assets_api.TestAssetsAPI" name="test_delete_nonexistent_asset" time="0.053" /><testcase classname="backend.tests.test_assets_api.TestAssetsAPI" name="test_delete_already_deleted" time="0.310" /><testcase classname="backend.tests.test_books_api.TestBooksCRUD" name="test_create_book" time="0.118" /><testcase classname="backend.tests.test_books_api.TestBooksCRUD" name="test_list_books" time="0.049" /><testcase classname="backend.tests.test_books_api.TestBooksCRUD" name="test_get_book" time="0.053" /><testcase classname="backend.tests.test_books_api.TestBooksCRUD" name="test_update_book" time="0.149" /><testcase classname="backend.tests.test_books_api.TestBooksCRUD" name="test_delete_book" time="0.099" /><testcase classname="backend.tests.test_books_api.TestBooksCRUD" name="test_get_nonexistent_book" time="0.049" /><testcase classname="backend.tests.test_books_api.TestUpload" name="test_upload_and_fetch_image" time="0.300" /><testcase classname="backend.tests.test_books_api.TestUpload" name="test_upload_rejects_non_image" time="0.050" /><testcase classname="backend.tests.test_page_iter5.TestPageDefaults" name="test_default_background_is_light_yellow" time="0.159" /><testcase classname="backend.tests.test_page_iter5.TestPageDefaults" name="test_default_page_number_size_is_14" time="0.049" /><testcase classname="backend.tests.test_page_iter5.TestPageDefaults" name="test_default_show_page_number_true" time="0.049" /><testcase classname="backend.tests.test_page_iter5.TestPageDefaults" name="test_default_page_number_align_right" time="0.053" /><testcase classname="backend.tests.test_page_iter5.TestPageNumberSizeUpdate" name="test_put_page_number_size_24" time="0.162" /><testcase classname="backend.tests.test_page_iter5.TestPageNumberSizeUpdate" name="test_put_page_number_size_32" time="0.153" /><testcase classname="backend.tests.test_page_iter5.TestLayerZIndex" name="test_blocks_z_index_persist" time="0.163" /><testcase classname="backend.tests.test_page_iter5.TestLayerZIndex" name="test_negative_z_index_supported" time="0.101" /><testcase classname="backend.tests.test_page_iter5.TestTextBlockColorDefault" name="test_block_default_color_black" time="0.152" /><testcase classname="backend.tests.test_page_number_align" name="test_default_page_number_align_is_right" time="0.211" /><testcase classname="backend.tests.test_page_number_align" name="test_update_page_number_align_persists" time="0.155" /><testcase classname="backend.tests.test_page_number_align" name="test_update_page_number_align_left" time="0.110" /><testcase classname="backend.tests.test_page_number_align" name="test_default_block_color_is_black" time="0.159" /></testsuite></testsuites>