<?xml version="1.0" encoding="utf-8"?><testsuites name="pytest tests"><testsuite name="pytest" errors="0" failures="0" skipped="0" tests="9" time="11.775" timestamp="2026-07-01T01:30:07.688931+00:00" hostname="agent-env-0718bab3-7b93-423e-aa71-4dcefbf85824"><testcase classname="backend.tests.test_pdf_ttl_and_purge.TestTTLIndex" name="test_pdf_jobs_ttl_index_shape" time="0.367" /><testcase classname="backend.tests.test_pdf_ttl_and_purge.TestTTLIndex" name="test_pdf_jobs_ttl_index_survives_restart" time="4.970" /><testcase classname="backend.tests.test_pdf_ttl_and_purge.TestExportSummaryAndReadyTTL" name="test_export_book_x_end_to_end" time="4.477" /><testcase classname="backend.tests.test_pdf_ttl_and_purge.TestFailedTTL" name="test_cancelled_job_gets_7day_ttl" time="1.503" /><testcase classname="backend.tests.test_pdf_ttl_and_purge.TestFailedTTL" name="test_insert_pending_gets_7day_ttl" time="0.001" /><testcase classname="backend.tests.test_pdf_ttl_and_purge.TestPurgeEmptyFiles" name="test_non_admin_gets_401_or_403" time="0.105" /><testcase classname="backend.tests.test_pdf_ttl_and_purge.TestPurgeEmptyFiles" name="test_dry_run_default" time="0.049" /><testcase classname="backend.tests.test_pdf_ttl_and_purge.TestPurgeEmptyFiles" name="test_dry_run_confirm_false" time="0.051" /><testcase classname="backend.tests.test_pdf_ttl_and_purge.TestPurgeEmptyFiles" name="test_confirm_true_executes" time="0.161" /></testsuite></testsuites>