<?xml version="1.0" encoding="utf-8"?><testsuites name="pytest tests"><testsuite name="pytest" errors="0" failures="2" skipped="0" tests="7" time="111.546" timestamp="2026-07-01T03:59:48.447683+00:00" hostname="agent-env-0718bab3-7b93-423e-aa71-4dcefbf85824"><testcase classname="backend.tests.test_iteration19_bugs.TestBug1CoverSpread" name="test_cover_spread_export_completes" time="15.540"><failure message="AssertionError: No JOB SUMMARY line appeared in backend stdout after cover-spread job&#10;assert 'JOB SUMMARY' in 'P/1.1&quot; 200 OK\nINFO:     10.208.128.6:57572 - &quot;GET /api/books/3dd9e546-2101-409a-8cb0-0d8d73dc4b67/pdf-jobs/af14d0e7-8917-4fd0-9efc-312180b5cc60 HTTP/1.1&quot; 200 OK\nINFO:     10.208.128.6:57572 - &quot;GET /api/books/3dd9e546-2101-409a-8cb0-0d8d73dc4b67/pdf-jobs/af14d0e7-8917-4fd0-9efc-312180b5cc60 HTTP/1.1&quot; 200 OK\nINFO:     10.208.128.6:57572 - &quot;GET /api/books/3dd9e546-2101-409a-8cb0-0d8d73dc4b67/pdf-jobs/af14d0e7-8917-4fd0-9efc-312180b5cc60 HTTP/1.1&quot; 200 OK\nINFO:     10.208.128.6:57572 - &quot;GET /api/books/3dd9e546-2101-409a-8cb0-0d8d73dc4b67/pdf-jobs/af14d0e7-8917-4fd0-9efc-312180b5cc60 HTTP/1.1&quot; 200 OK\nINFO:     10.208.128.2:56470 - &quot;GET /api/books/3dd9e546-2101-409a-8cb0-0d8d73dc4b67/pdf-jobs/af14d0e7-8917-4fd0-9efc-312180b5cc60 HTTP/1.1&quot; 200 OK\nINFO:     10.208.128.2:56470 - &quot;GET /api/books/3dd9e546-2101-409a-8cb0-0d8d73dc4b67/pdf-jobs/af14d0e7-8917-4fd0-9efc-312180b5cc60 HTTP/1.1&quot; 200 OK\nINFO:     10.208.128.2:56470 - &quot;GET /api/books/3dd9e546-2101-409a-8cb0-0d8d73dc4b67/pdf-jobs/af14d0e7-8917-4fd0-9efc-312180b5cc60 HTTP/1.1&quot; 200 OK\nINFO:     10.208.128.2:56470 - &quot;GET /api/books/3dd9e546-2101-409a-8cb0-0d8d73dc4b67/pdf-jobs/af14d0e7-8917-4fd0-9efc-312180b5cc60 HTTP/1.1&quot; 200 OK.../1.1&quot; 200 OK\nINFO:     10.208.128.2:42638 - &quot;GET /api/books/dc988a6f-5595-4d94-a959-d7e6affecf51/pdf-jobs/d464cfa9-b84c-44ca-ad11-b4658726394b HTTP/1.1&quot; 200 OK\nINFO:     10.208.128.6:51820 - &quot;GET /api/books/dc988a6f-5595-4d94-a959-d7e6affecf51/pdf-jobs/d464cfa9-b84c-44ca-ad11-b4658726394b HTTP/1.1&quot; 200 OK\nINFO:     10.208.128.6:51820 - &quot;GET /api/books/dc988a6f-5595-4d94-a959-d7e6affecf51/pdf-jobs/d464cfa9-b84c-44ca-ad11-b4658726394b HTTP/1.1&quot; 200 OK\nINFO:     10.208.128.6:51820 - &quot;GET /api/books/dc988a6f-5595-4d94-a959-d7e6affecf51/pdf-jobs/d464cfa9-b84c-44ca-ad11-b4658726394b HTTP/1.1&quot; 200 OK\nINFO:     10.208.128.2:50920 - &quot;GET /api/books/dc988a6f-5595-4d94-a959-d7e6affecf51/pdf-jobs/d464cfa9-b84c-44ca-ad11-b4658726394b HTTP/1.1&quot; 200 OK\nINFO:     10.208.128.6:51820 - &quot;GET /api/books/dc988a6f-5595-4d94-a959-d7e6affecf51/pdf-jobs/d464cfa9-b84c-44ca-ad11-b4658726394b HTTP/1.1&quot; 200 OK\nINFO:     10.208.128.2:50920 - &quot;GET /api/books/dc988a6f-5595-4d94-a959-d7e6affecf51/pdf-jobs/d464cfa9-b84c-44ca-ad11-b4658726394b HTTP/1.1&quot; 200 OK\nINFO:     10.208.128.6:51820 - &quot;GET /api/books/dc988a6f-5595-4d94-a959-d7e6affecf51/pdf-jobs/d464cfa9-b84c-44ca-ad11-b4658726394b HTTP/1.1&quot; 200 OK\n'">backend/tests/test_iteration19_bugs.py:119: in test_cover_spread_export_completes
    assert "JOB SUMMARY" in stdout_tail, (
E   AssertionError: No JOB SUMMARY line appeared in backend stdout after cover-spread job
E   assert 'JOB SUMMARY' in 'P/1.1" 200 OK\nINFO:     10.208.128.6:57572 - "GET /api/books/3dd9e546-2101-409a-8cb0-0d8d73dc4b67/pdf-jobs/af14d0e7-8917-4fd0-9efc-312180b5cc60 HTTP/1.1" 200 OK\nINFO:     10.208.128.6:57572 - "GET /api/books/3dd9e546-2101-409a-8cb0-0d8d73dc4b67/pdf-jobs/af14d0e7-8917-4fd0-9efc-312180b5cc60 HTTP/1.1" 200 OK\nINFO:     10.208.128.6:57572 - "GET /api/books/3dd9e546-2101-409a-8cb0-0d8d73dc4b67/pdf-jobs/af14d0e7-8917-4fd0-9efc-312180b5cc60 HTTP/1.1" 200 OK\nINFO:     10.208.128.6:57572 - "GET /api/books/3dd9e546-2101-409a-8cb0-0d8d73dc4b67/pdf-jobs/af14d0e7-8917-4fd0-9efc-312180b5cc60 HTTP/1.1" 200 OK\nINFO:     10.208.128.2:56470 - "GET /api/books/3dd9e546-2101-409a-8cb0-0d8d73dc4b67/pdf-jobs/af14d0e7-8917-4fd0-9efc-312180b5cc60 HTTP/1.1" 200 OK\nINFO:     10.208.128.2:56470 - "GET /api/books/3dd9e546-2101-409a-8cb0-0d8d73dc4b67/pdf-jobs/af14d0e7-8917-4fd0-9efc-312180b5cc60 HTTP/1.1" 200 OK\nINFO:     10.208.128.2:56470 - "GET /api/books/3dd9e546-2101-409a-8cb0-0d8d73dc4b67/pdf-jobs/af14d0e7-8917-4fd0-9efc-312180b5cc60 HTTP/1.1" 200 OK\nINFO:     10.208.128.2:56470 - "GET /api/books/3dd9e546-2101-409a-8cb0-0d8d73dc4b67/pdf-jobs/af14d0e7-8917-4fd0-9efc-312180b5cc60 HTTP/1.1" 200 OK.../1.1" 200 OK\nINFO:     10.208.128.2:42638 - "GET /api/books/dc988a6f-5595-4d94-a959-d7e6affecf51/pdf-jobs/d464cfa9-b84c-44ca-ad11-b4658726394b HTTP/1.1" 200 OK\nINFO:     10.208.128.6:51820 - "GET /api/books/dc988a6f-5595-4d94-a959-d7e6affecf51/pdf-jobs/d464cfa9-b84c-44ca-ad11-b4658726394b HTTP/1.1" 200 OK\nINFO:     10.208.128.6:51820 - "GET /api/books/dc988a6f-5595-4d94-a959-d7e6affecf51/pdf-jobs/d464cfa9-b84c-44ca-ad11-b4658726394b HTTP/1.1" 200 OK\nINFO:     10.208.128.6:51820 - "GET /api/books/dc988a6f-5595-4d94-a959-d7e6affecf51/pdf-jobs/d464cfa9-b84c-44ca-ad11-b4658726394b HTTP/1.1" 200 OK\nINFO:     10.208.128.2:50920 - "GET /api/books/dc988a6f-5595-4d94-a959-d7e6affecf51/pdf-jobs/d464cfa9-b84c-44ca-ad11-b4658726394b HTTP/1.1" 200 OK\nINFO:     10.208.128.6:51820 - "GET /api/books/dc988a6f-5595-4d94-a959-d7e6affecf51/pdf-jobs/d464cfa9-b84c-44ca-ad11-b4658726394b HTTP/1.1" 200 OK\nINFO:     10.208.128.2:50920 - "GET /api/books/dc988a6f-5595-4d94-a959-d7e6affecf51/pdf-jobs/d464cfa9-b84c-44ca-ad11-b4658726394b HTTP/1.1" 200 OK\nINFO:     10.208.128.6:51820 - "GET /api/books/dc988a6f-5595-4d94-a959-d7e6affecf51/pdf-jobs/d464cfa9-b84c-44ca-ad11-b4658726394b HTTP/1.1" 200 OK\n'</failure></testcase><testcase classname="backend.tests.test_iteration19_bugs.TestBug1InteriorRegression" name="test_regular_interior_export_still_works" time="90.670"><failure message="AssertionError: Expected a JOB SUMMARY with render=&lt;seconds&gt; for the interior job; not found in stdout tail. Recent tail:&#10;  -jobs/a6e3de72-574b-4245-84a3-e85968f52b8d HTTP/1.1&quot; 200 OK&#10;  INFO:     10.208.128.6:51518 - &quot;GET /api/books/dc988a6f-5595-4d94-a959-d7e6affecf51/pdf-jobs/a6e3de72-574b-4245-84a3-e85968f52b8d HTTP/1.1&quot; 200 OK&#10;  INFO:     10.208.128.2:42036 - &quot;GET /api/books/dc988a6f-5595-4d94-a959-d7e6affecf51/pdf-jobs/a6e3de72-574b-4245-84a3-e85968f52b8d HTTP/1.1&quot; 200 OK&#10;  INFO:     10.208.128.6:51518 - &quot;GET /api/books/dc988a6f-5595-4d94-a959-d7e6affecf51/pdf-jobs/a6e3de72-574b-4245-84a3-e85968f52b8d HTTP/1.1&quot; 200 OK&#10;  INFO:     10.208.128.2:42036 - &quot;GET /api/books/dc988a6f-5595-4d94-a959-d7e6affecf51/pdf-jobs/a6e3de72-574b-4245-84a3-e85968f52b8d HTTP/1.1&quot; 200 OK&#10;  INFO:     10.208.128.6:51518 - &quot;GET /api/books/dc988a6f-5595-4d94-a959-d7e6affecf51/pdf-jobs/a6e3de72-574b-4245-84a3-e85968f52b8d HTTP/1.1&quot; 200 OK&#10;  INFO:     10.208.128.2:42036 - &quot;GET /api/books/dc988a6f-5595-4d94-a959-d7e6affecf51/pdf-jobs/a6e3de72-574b-4245-84a3-e85968f52b8d HTTP/1.1&quot; 200 OK&#10;  INFO:     10.208.128.6:51518 - &quot;GET /api/books/dc988a6f-5595-4d94-a959-d7e6affecf51/pdf-jobs/a6e3de72-574b-4245-84a3-e85968f52b8d HTTP/1.1&quot; 200 OK&#10;  INFO:     10.208.128.2:42036 - &quot;GET /api/books/dc988a6f-5595-4d94-a959-d7e6affecf51/pdf-jobs/a6e3de72-574b-4245-84a3-e85968f52b8d HTTP/1.1&quot; 200 OK&#10;  INFO:     10.208.128.6:51518 - &quot;GET /api/books/dc988a6f-5595-4d94-a959-d7e6affecf51/pdf-jobs/a6e3de72-574b-4245-84a3-e85968f52b8d HTTP/1.1&quot; 200 OK&#10;  INFO:     10.208.128.2:42036 - &quot;GET /api/books/dc988a6f-5595-4d94-a959-d7e6affecf51/pdf-jobs/a6e3de72-574b-4245-84a3-e85968f52b8d HTTP/1.1&quot; 200 OK&#10;  INFO:     10.208.128.2:42036 - &quot;GET /api/books/dc988a6f-5595-4d94-a959-d7e6affecf51/pdf-jobs/a6e3de72-574b-4245-84a3-e85968f52b8d HTTP/1.1&quot; 200 OK&#10;  INFO:     10.208.128.2:42036 - &quot;GET /api/books/dc988a6f-5595-4d94-a959-d7e6affecf51/pdf-jobs/a6e3de72-574b-4245-84a3-e85968f52b8d HTTP/1.1&quot; 200 OK&#10;  INFO:     10.208.128.6:44686 - &quot;GET /api/books/dc988a6f-5595-4d94-a959-d7e6affecf51/pdf-jobs/a6e3de72-574b-4245-84a3-e85968f52b8d HTTP/1.1&quot; 200 OK&#10;  INFO:     10.208.128.2:42036 - &quot;GET /api/books/dc988a6f-5595-4d94-a959-d7e6affecf51/pdf-jobs/a6e3de72-574b-4245-84a3-e85968f52b8d HTTP/1.1&quot; 200 OK&#10;  INFO:     10.208.128.2:42036 - &quot;GET /api/books/dc988a6f-5595-4d94-a959-d7e6affecf51/pdf-jobs/a6e3de72-574b-4245-84a3-e85968f52b8d HTTP/1.1&quot; 200 OK&#10;  INFO:     10.208.128.2:42036 - &quot;GET /api/books/dc988a6f-5595-4d94-a959-d7e6affecf51/pdf-jobs/a6e3de72-574b-4245-84a3-e85968f52b8d HTTP/1.1&quot; 200 OK&#10;  INFO:     10.208.128.2:42036 - &quot;GET /api/books/dc988a6f-5595-4d94-a959-d7e6affecf51/pdf-jobs/a6e3de72-574b-4245-84a3-e85968f52b8d HTTP/1.1&quot; 200 OK&#10;  INFO:     10.208.128.6:49464 - &quot;GET /api/books/dc988a6f-5595-4d94-a959-d7e6affecf51/pdf-jobs/a6e3de72-574b-4245-84a3-e85968f52b8d HTTP/1.1&quot; 200 OK&#10;  INFO:     10.208.128.6:49464 - &quot;GET /api/books/dc988a6f-5595-4d94-a959-d7e6affecf51/pdf-jobs/a6e3de72-574b-4245-84a3-e85968f52b8d HTTP/1.1&quot; 200 OK&#10;  INFO:     10.208.128.6:49464 - &quot;GET /api/books/dc988a6f-5595-4d94-a959-d7e6affecf51/pdf-jobs/a6e3de72-574b-4245-84a3-e85968f52b8d HTTP/1.1&quot; 200 OK&#10;  &#10;assert None&#10; +  where None = &lt;function search at 0xfaaaa65dcc20&gt;('JOB SUMMARY[^\\n]*render=\\d', 'c838a HTTP/1.1&quot; 200 OK\nINFO:     10.208.128.2:56470 - &quot;GET /api/books/2498825b-9f9d-46ee-a9de-c9ffdafd2b6e/pdf-jobs/83f9ad3f-75ae-4999-8016-be34451c838a HTTP/1.1&quot; 200 OK\nINFO:     10.208.128.2:56470 - &quot;GET /api/books/2498825b-9f9d-46ee-a9de-c9ffdafd2b6e/pdf-jobs/83f9ad3f-75ae-4999-8016-be34451c838a HTTP/1.1&quot; 200 OK\nINFO:     10.208.128.6:57572 - &quot;GET /api/books/2498825b-9f9d-46ee-a9de-c9ffdafd2b6e/pdf-jobs/83f9ad3f-75ae-4999-8016-be34451c838a HTTP/1.1&quot; 200 OK\nINFO:     10.208.128.6:57572 - &quot;GET /api/books/2498825b-9f9d-46ee-a9de-c9ffdafd2b6e/pdf-jobs/83f9ad3f-75ae-4999-8016-be34451c838a HTTP/1.1&quot; 200 OK\nINFO:     10.208.128.2:56470 - &quot;GET /api/books/2498825b-9f9d-46ee-a9de-c9ffdafd2b6e/pdf-jobs/83f9ad3f-75ae-4999-8016-be34451c838a HTTP/1.1&quot; 200 OK\nINFO:     10.208.128.6:57572 - &quot;GET /api/books/2498825b-9f9d-46ee-a9de-c9ffdafd2b6e/pdf-jobs/83f9ad3f-75ae-4999-8016-be34451c838a HTTP/1.1&quot; 200 OK\nINFO:     10.208.128.6:57572 - &quot;GET /api/books/2498825b-9f9d-46ee-a9de-c9ffdafd2b6e/pdf-jobs/83f9ad3f-75ae-4999-8016-be34451c838a HTTP/1.1&quot; 200 OK\nINFO:     10.208.128.2:56470 - &quot;GET /api/books/2498825b-9f9d-46ee-a9de-c9ffdafd2b6e/pdf-jobs/83f9ad3f-75ae-4999-8016-be34451c838a HTTP/1..../1.1&quot; 200 OK\nINFO:     10.208.128.6:44686 - &quot;GET /api/books/dc988a6f-5595-4d94-a959-d7e6affecf51/pdf-jobs/a6e3de72-574b-4245-84a3-e85968f52b8d HTTP/1.1&quot; 200 OK\nINFO:     10.208.128.2:42036 - &quot;GET /api/books/dc988a6f-5595-4d94-a959-d7e6affecf51/pdf-jobs/a6e3de72-574b-4245-84a3-e85968f52b8d HTTP/1.1&quot; 200 OK\nINFO:     10.208.128.2:42036 - &quot;GET /api/books/dc988a6f-5595-4d94-a959-d7e6affecf51/pdf-jobs/a6e3de72-574b-4245-84a3-e85968f52b8d HTTP/1.1&quot; 200 OK\nINFO:     10.208.128.2:42036 - &quot;GET /api/books/dc988a6f-5595-4d94-a959-d7e6affecf51/pdf-jobs/a6e3de72-574b-4245-84a3-e85968f52b8d HTTP/1.1&quot; 200 OK\nINFO:     10.208.128.2:42036 - &quot;GET /api/books/dc988a6f-5595-4d94-a959-d7e6affecf51/pdf-jobs/a6e3de72-574b-4245-84a3-e85968f52b8d HTTP/1.1&quot; 200 OK\nINFO:     10.208.128.6:49464 - &quot;GET /api/books/dc988a6f-5595-4d94-a959-d7e6affecf51/pdf-jobs/a6e3de72-574b-4245-84a3-e85968f52b8d HTTP/1.1&quot; 200 OK\nINFO:     10.208.128.6:49464 - &quot;GET /api/books/dc988a6f-5595-4d94-a959-d7e6affecf51/pdf-jobs/a6e3de72-574b-4245-84a3-e85968f52b8d HTTP/1.1&quot; 200 OK\nINFO:     10.208.128.6:49464 - &quot;GET /api/books/dc988a6f-5595-4d94-a959-d7e6affecf51/pdf-jobs/a6e3de72-574b-4245-84a3-e85968f52b8d HTTP/1.1&quot; 200 OK\n')&#10; +    where &lt;function search at 0xfaaaa65dcc20&gt; = re.search">backend/tests/test_iteration19_bugs.py:145: in test_regular_interior_export_still_works
    assert re.search(r"JOB SUMMARY[^\n]*render=\d", stdout_tail), (
E   AssertionError: Expected a JOB SUMMARY with render=&lt;seconds&gt; for the interior job; not found in stdout tail. Recent tail:
E     -jobs/a6e3de72-574b-4245-84a3-e85968f52b8d HTTP/1.1" 200 OK
E     INFO:     10.208.128.6:51518 - "GET /api/books/dc988a6f-5595-4d94-a959-d7e6affecf51/pdf-jobs/a6e3de72-574b-4245-84a3-e85968f52b8d HTTP/1.1" 200 OK
E     INFO:     10.208.128.2:42036 - "GET /api/books/dc988a6f-5595-4d94-a959-d7e6affecf51/pdf-jobs/a6e3de72-574b-4245-84a3-e85968f52b8d HTTP/1.1" 200 OK
E     INFO:     10.208.128.6:51518 - "GET /api/books/dc988a6f-5595-4d94-a959-d7e6affecf51/pdf-jobs/a6e3de72-574b-4245-84a3-e85968f52b8d HTTP/1.1" 200 OK
E     INFO:     10.208.128.2:42036 - "GET /api/books/dc988a6f-5595-4d94-a959-d7e6affecf51/pdf-jobs/a6e3de72-574b-4245-84a3-e85968f52b8d HTTP/1.1" 200 OK
E     INFO:     10.208.128.6:51518 - "GET /api/books/dc988a6f-5595-4d94-a959-d7e6affecf51/pdf-jobs/a6e3de72-574b-4245-84a3-e85968f52b8d HTTP/1.1" 200 OK
E     INFO:     10.208.128.2:42036 - "GET /api/books/dc988a6f-5595-4d94-a959-d7e6affecf51/pdf-jobs/a6e3de72-574b-4245-84a3-e85968f52b8d HTTP/1.1" 200 OK
E     INFO:     10.208.128.6:51518 - "GET /api/books/dc988a6f-5595-4d94-a959-d7e6affecf51/pdf-jobs/a6e3de72-574b-4245-84a3-e85968f52b8d HTTP/1.1" 200 OK
E     INFO:     10.208.128.2:42036 - "GET /api/books/dc988a6f-5595-4d94-a959-d7e6affecf51/pdf-jobs/a6e3de72-574b-4245-84a3-e85968f52b8d HTTP/1.1" 200 OK
E     INFO:     10.208.128.6:51518 - "GET /api/books/dc988a6f-5595-4d94-a959-d7e6affecf51/pdf-jobs/a6e3de72-574b-4245-84a3-e85968f52b8d HTTP/1.1" 200 OK
E     INFO:     10.208.128.2:42036 - "GET /api/books/dc988a6f-5595-4d94-a959-d7e6affecf51/pdf-jobs/a6e3de72-574b-4245-84a3-e85968f52b8d HTTP/1.1" 200 OK
E     INFO:     10.208.128.2:42036 - "GET /api/books/dc988a6f-5595-4d94-a959-d7e6affecf51/pdf-jobs/a6e3de72-574b-4245-84a3-e85968f52b8d HTTP/1.1" 200 OK
E     INFO:     10.208.128.2:42036 - "GET /api/books/dc988a6f-5595-4d94-a959-d7e6affecf51/pdf-jobs/a6e3de72-574b-4245-84a3-e85968f52b8d HTTP/1.1" 200 OK
E     INFO:     10.208.128.6:44686 - "GET /api/books/dc988a6f-5595-4d94-a959-d7e6affecf51/pdf-jobs/a6e3de72-574b-4245-84a3-e85968f52b8d HTTP/1.1" 200 OK
E     INFO:     10.208.128.2:42036 - "GET /api/books/dc988a6f-5595-4d94-a959-d7e6affecf51/pdf-jobs/a6e3de72-574b-4245-84a3-e85968f52b8d HTTP/1.1" 200 OK
E     INFO:     10.208.128.2:42036 - "GET /api/books/dc988a6f-5595-4d94-a959-d7e6affecf51/pdf-jobs/a6e3de72-574b-4245-84a3-e85968f52b8d HTTP/1.1" 200 OK
E     INFO:     10.208.128.2:42036 - "GET /api/books/dc988a6f-5595-4d94-a959-d7e6affecf51/pdf-jobs/a6e3de72-574b-4245-84a3-e85968f52b8d HTTP/1.1" 200 OK
E     INFO:     10.208.128.2:42036 - "GET /api/books/dc988a6f-5595-4d94-a959-d7e6affecf51/pdf-jobs/a6e3de72-574b-4245-84a3-e85968f52b8d HTTP/1.1" 200 OK
E     INFO:     10.208.128.6:49464 - "GET /api/books/dc988a6f-5595-4d94-a959-d7e6affecf51/pdf-jobs/a6e3de72-574b-4245-84a3-e85968f52b8d HTTP/1.1" 200 OK
E     INFO:     10.208.128.6:49464 - "GET /api/books/dc988a6f-5595-4d94-a959-d7e6affecf51/pdf-jobs/a6e3de72-574b-4245-84a3-e85968f52b8d HTTP/1.1" 200 OK
E     INFO:     10.208.128.6:49464 - "GET /api/books/dc988a6f-5595-4d94-a959-d7e6affecf51/pdf-jobs/a6e3de72-574b-4245-84a3-e85968f52b8d HTTP/1.1" 200 OK
E     
E   assert None
E    +  where None = &lt;function search at 0xfaaaa65dcc20&gt;('JOB SUMMARY[^\\n]*render=\\d', 'c838a HTTP/1.1" 200 OK\nINFO:     10.208.128.2:56470 - "GET /api/books/2498825b-9f9d-46ee-a9de-c9ffdafd2b6e/pdf-jobs/83f9ad3f-75ae-4999-8016-be34451c838a HTTP/1.1" 200 OK\nINFO:     10.208.128.2:56470 - "GET /api/books/2498825b-9f9d-46ee-a9de-c9ffdafd2b6e/pdf-jobs/83f9ad3f-75ae-4999-8016-be34451c838a HTTP/1.1" 200 OK\nINFO:     10.208.128.6:57572 - "GET /api/books/2498825b-9f9d-46ee-a9de-c9ffdafd2b6e/pdf-jobs/83f9ad3f-75ae-4999-8016-be34451c838a HTTP/1.1" 200 OK\nINFO:     10.208.128.6:57572 - "GET /api/books/2498825b-9f9d-46ee-a9de-c9ffdafd2b6e/pdf-jobs/83f9ad3f-75ae-4999-8016-be34451c838a HTTP/1.1" 200 OK\nINFO:     10.208.128.2:56470 - "GET /api/books/2498825b-9f9d-46ee-a9de-c9ffdafd2b6e/pdf-jobs/83f9ad3f-75ae-4999-8016-be34451c838a HTTP/1.1" 200 OK\nINFO:     10.208.128.6:57572 - "GET /api/books/2498825b-9f9d-46ee-a9de-c9ffdafd2b6e/pdf-jobs/83f9ad3f-75ae-4999-8016-be34451c838a HTTP/1.1" 200 OK\nINFO:     10.208.128.6:57572 - "GET /api/books/2498825b-9f9d-46ee-a9de-c9ffdafd2b6e/pdf-jobs/83f9ad3f-75ae-4999-8016-be34451c838a HTTP/1.1" 200 OK\nINFO:     10.208.128.2:56470 - "GET /api/books/2498825b-9f9d-46ee-a9de-c9ffdafd2b6e/pdf-jobs/83f9ad3f-75ae-4999-8016-be34451c838a HTTP/1..../1.1" 200 OK\nINFO:     10.208.128.6:44686 - "GET /api/books/dc988a6f-5595-4d94-a959-d7e6affecf51/pdf-jobs/a6e3de72-574b-4245-84a3-e85968f52b8d HTTP/1.1" 200 OK\nINFO:     10.208.128.2:42036 - "GET /api/books/dc988a6f-5595-4d94-a959-d7e6affecf51/pdf-jobs/a6e3de72-574b-4245-84a3-e85968f52b8d HTTP/1.1" 200 OK\nINFO:     10.208.128.2:42036 - "GET /api/books/dc988a6f-5595-4d94-a959-d7e6affecf51/pdf-jobs/a6e3de72-574b-4245-84a3-e85968f52b8d HTTP/1.1" 200 OK\nINFO:     10.208.128.2:42036 - "GET /api/books/dc988a6f-5595-4d94-a959-d7e6affecf51/pdf-jobs/a6e3de72-574b-4245-84a3-e85968f52b8d HTTP/1.1" 200 OK\nINFO:     10.208.128.2:42036 - "GET /api/books/dc988a6f-5595-4d94-a959-d7e6affecf51/pdf-jobs/a6e3de72-574b-4245-84a3-e85968f52b8d HTTP/1.1" 200 OK\nINFO:     10.208.128.6:49464 - "GET /api/books/dc988a6f-5595-4d94-a959-d7e6affecf51/pdf-jobs/a6e3de72-574b-4245-84a3-e85968f52b8d HTTP/1.1" 200 OK\nINFO:     10.208.128.6:49464 - "GET /api/books/dc988a6f-5595-4d94-a959-d7e6affecf51/pdf-jobs/a6e3de72-574b-4245-84a3-e85968f52b8d HTTP/1.1" 200 OK\nINFO:     10.208.128.6:49464 - "GET /api/books/dc988a6f-5595-4d94-a959-d7e6affecf51/pdf-jobs/a6e3de72-574b-4245-84a3-e85968f52b8d HTTP/1.1" 200 OK\n')
E    +    where &lt;function search at 0xfaaaa65dcc20&gt; = re.search</failure></testcase><testcase classname="backend.tests.test_iteration19_bugs.TestBug2DiagnoseAuth" name="test_unauth_returns_401" time="0.185" /><testcase classname="backend.tests.test_iteration19_bugs.TestBug2DiagnoseAuth" name="test_admin_gets_200" time="0.063" /><testcase classname="backend.tests.test_iteration19_bugs.TestBug2DiagnoseFiltering" name="test_single_page_filter" time="0.057" /><testcase classname="backend.tests.test_iteration19_bugs.TestBug2DiagnoseProbeBytes" name="test_probe_bytes_true_adds_probe" time="0.483" /><testcase classname="backend.tests.test_iteration19_bugs.TestBug2DiagnoseReadOnly" name="test_no_render_or_write_side_effect" time="4.460" /></testsuite></testsuites>