<?xml version="1.0" encoding="utf-8"?><testsuites name="pytest tests"><testsuite name="pytest" errors="0" failures="0" skipped="0" tests="48" time="14.952" timestamp="2026-05-25T03:12:43.216152+00:00" hostname="agent-env-89e28875-85db-47a9-99c7-e0f93df1c579"><testcase classname="backend.tests.test_assets_api.TestAssetsAPI" name="test_list_assets_shape" time="0.459" /><testcase classname="backend.tests.test_assets_api.TestAssetsAPI" name="test_upload_then_list_contains_new_asset" time="0.207" /><testcase classname="backend.tests.test_assets_api.TestAssetsAPI" name="test_delete_asset_soft_deletes" time="0.476" /><testcase classname="backend.tests.test_assets_api.TestAssetsAPI" name="test_delete_nonexistent_asset" time="0.055" /><testcase classname="backend.tests.test_assets_api.TestAssetsAPI" name="test_delete_already_deleted" time="0.329" /><testcase classname="backend.tests.test_assets_book_scope_iter10.TestBookScopedAssets" name="test_upload_with_book_id_scopes_assets" time="0.795" /><testcase classname="backend.tests.test_assets_book_scope_iter10.TestBookScopedAssets" name="test_upload_without_book_id_legacy" time="0.353" /><testcase classname="backend.tests.test_assets_book_scope_iter10.TestBookScopedAssets" name="test_duplicate_book_clones_asset_records" time="0.525" /><testcase classname="backend.tests.test_assets_book_scope_iter10.TestBookScopedAssets" name="test_delete_book_soft_deletes_its_assets" time="0.656" /><testcase classname="backend.tests.test_assets_book_scope_iter10.TestBookScopedAssets" name="test_assets_list_legacy_regression" time="0.057" /><testcase classname="backend.tests.test_books_api.TestBooksCRUD" name="test_create_book" time="0.145" /><testcase classname="backend.tests.test_books_api.TestBooksCRUD" name="test_list_books" time="0.047" /><testcase classname="backend.tests.test_books_api.TestBooksCRUD" name="test_get_book" time="0.045" /><testcase classname="backend.tests.test_books_api.TestBooksCRUD" name="test_update_book" time="0.143" /><testcase classname="backend.tests.test_books_api.TestBooksCRUD" name="test_delete_book" time="0.093" /><testcase classname="backend.tests.test_books_api.TestBooksCRUD" name="test_get_nonexistent_book" time="0.046" /><testcase classname="backend.tests.test_books_api.TestUpload" name="test_upload_and_fetch_image" time="0.275" /><testcase classname="backend.tests.test_books_api.TestUpload" name="test_upload_rejects_non_image" time="0.069" /><testcase classname="backend.tests.test_page_iter5.TestPageDefaults" name="test_default_background_is_light_yellow" time="0.184" /><testcase classname="backend.tests.test_page_iter5.TestPageDefaults" name="test_default_page_number_size_is_14" time="0.048" /><testcase classname="backend.tests.test_page_iter5.TestPageDefaults" name="test_default_show_page_number_true" time="0.047" /><testcase classname="backend.tests.test_page_iter5.TestPageDefaults" name="test_default_page_number_align_right" time="0.046" /><testcase classname="backend.tests.test_page_iter5.TestPageNumberSizeUpdate" name="test_put_page_number_size_24" time="0.147" /><testcase classname="backend.tests.test_page_iter5.TestPageNumberSizeUpdate" name="test_put_page_number_size_32" time="0.142" /><testcase classname="backend.tests.test_page_iter5.TestLayerZIndex" name="test_blocks_z_index_persist" time="0.144" /><testcase classname="backend.tests.test_page_iter5.TestLayerZIndex" name="test_negative_z_index_supported" time="0.099" /><testcase classname="backend.tests.test_page_iter5.TestTextBlockColorDefault" name="test_block_default_color_black" time="0.139" /><testcase classname="backend.tests.test_page_iter7.TestFullBleed" name="test_default_full_bleed_false_on_create" time="0.157" /><testcase classname="backend.tests.test_page_iter7.TestFullBleed" name="test_get_book_returns_full_bleed_false_default" time="0.049" /><testcase classname="backend.tests.test_page_iter7.TestFullBleed" name="test_put_accepts_full_bleed_true_and_persists" time="0.094" /><testcase classname="backend.tests.test_page_iter7.TestFullBleed" name="test_put_can_set_back_to_false" time="0.050" /><testcase classname="backend.tests.test_page_iter7.TestFullBleed" name="test_full_bleed_independent_per_page" time="0.052" /><testcase classname="backend.tests.test_page_iter7.TestFullBleed" name="test_full_bleed_missing_field_in_put_keeps_default_false" time="0.098" /><testcase classname="backend.tests.test_page_number_align" name="test_default_page_number_align_is_right" time="0.179" /><testcase classname="backend.tests.test_page_number_align" name="test_update_page_number_align_persists" time="0.177" /><testcase classname="backend.tests.test_page_number_align" name="test_update_page_number_align_left" time="0.107" /><testcase classname="backend.tests.test_page_number_align" name="test_default_block_color_is_black" time="0.164" /><testcase classname="backend.tests.test_pdf_export.TestPdfExport" name="test_small_book_pdf_export" time="1.283" /><testcase classname="backend.tests.test_pdf_export.TestPdfExport" name="test_large_book_pdf_export" time="4.746" /><testcase classname="backend.tests.test_pdf_export.TestPdfExport" name="test_pdf_export_unknown_book_returns_404" time="0.048" /><testcase classname="backend.tests.test_pdf_export.TestPdfExport" name="test_pdf_export_for_freshly_created_book" time="0.210" /><testcase classname="backend.tests.test_pdf_export.TestPdfExport" name="test_pdf_export_handles_full_bleed_page" time="0.210" /><testcase classname="backend.tests.test_templates_api.TestTemplatesAPI" name="test_list_returns_array" time="0.127" /><testcase classname="backend.tests.test_templates_api.TestTemplatesAPI" name="test_create_and_get" time="0.226" /><testcase classname="backend.tests.test_templates_api.TestTemplatesAPI" name="test_list_sorted_desc" time="0.316" /><testcase classname="backend.tests.test_templates_api.TestTemplatesAPI" name="test_delete_removes" time="0.202" /><testcase classname="backend.tests.test_templates_api.TestTemplatesAPI" name="test_delete_nonexistent_404" time="0.104" /><testcase classname="backend.tests.test_templates_api.TestTemplatesAPI" name="test_create_book_then_apply_template_pages" time="0.434" /></testsuite></testsuites>