<?xml version="1.0" encoding="utf-8"?><testsuites name="pytest tests"><testsuite name="pytest" errors="0" failures="0" skipped="0" tests="38" time="5.879" timestamp="2026-05-24T19:20:05.169592+00:00" hostname="agent-env-f8d93737-bb4e-4764-bfdc-fd9467c22b4f"><testcase classname="backend.tests.test_assets_api.TestAssetsAPI" name="test_list_assets_shape" time="0.496" /><testcase classname="backend.tests.test_assets_api.TestAssetsAPI" name="test_upload_then_list_contains_new_asset" time="0.219" /><testcase classname="backend.tests.test_assets_api.TestAssetsAPI" name="test_delete_asset_soft_deletes" time="0.357" /><testcase classname="backend.tests.test_assets_api.TestAssetsAPI" name="test_delete_nonexistent_asset" time="0.049" /><testcase classname="backend.tests.test_assets_api.TestAssetsAPI" name="test_delete_already_deleted" time="0.310" /><testcase classname="backend.tests.test_books_api.TestBooksCRUD" name="test_create_book" time="0.139" /><testcase classname="backend.tests.test_books_api.TestBooksCRUD" name="test_list_books" time="0.049" /><testcase classname="backend.tests.test_books_api.TestBooksCRUD" name="test_get_book" time="0.050" /><testcase classname="backend.tests.test_books_api.TestBooksCRUD" name="test_update_book" time="0.146" /><testcase classname="backend.tests.test_books_api.TestBooksCRUD" name="test_delete_book" time="0.099" /><testcase classname="backend.tests.test_books_api.TestBooksCRUD" name="test_get_nonexistent_book" time="0.049" /><testcase classname="backend.tests.test_books_api.TestUpload" name="test_upload_and_fetch_image" time="0.359" /><testcase classname="backend.tests.test_books_api.TestUpload" name="test_upload_rejects_non_image" time="0.051" /><testcase classname="backend.tests.test_page_iter5.TestPageDefaults" name="test_default_background_is_light_yellow" time="0.186" /><testcase classname="backend.tests.test_page_iter5.TestPageDefaults" name="test_default_page_number_size_is_14" time="0.051" /><testcase classname="backend.tests.test_page_iter5.TestPageDefaults" name="test_default_show_page_number_true" time="0.048" /><testcase classname="backend.tests.test_page_iter5.TestPageDefaults" name="test_default_page_number_align_right" time="0.045" /><testcase classname="backend.tests.test_page_iter5.TestPageNumberSizeUpdate" name="test_put_page_number_size_24" time="0.146" /><testcase classname="backend.tests.test_page_iter5.TestPageNumberSizeUpdate" name="test_put_page_number_size_32" time="0.153" /><testcase classname="backend.tests.test_page_iter5.TestLayerZIndex" name="test_blocks_z_index_persist" time="0.145" /><testcase classname="backend.tests.test_page_iter5.TestLayerZIndex" name="test_negative_z_index_supported" time="0.093" /><testcase classname="backend.tests.test_page_iter5.TestTextBlockColorDefault" name="test_block_default_color_black" time="0.145" /><testcase classname="backend.tests.test_page_iter7.TestFullBleed" name="test_default_full_bleed_false_on_create" time="0.115" /><testcase classname="backend.tests.test_page_iter7.TestFullBleed" name="test_get_book_returns_full_bleed_false_default" time="0.047" /><testcase classname="backend.tests.test_page_iter7.TestFullBleed" name="test_put_accepts_full_bleed_true_and_persists" time="0.108" /><testcase classname="backend.tests.test_page_iter7.TestFullBleed" name="test_put_can_set_back_to_false" time="0.052" /><testcase classname="backend.tests.test_page_iter7.TestFullBleed" name="test_full_bleed_independent_per_page" time="0.050" /><testcase classname="backend.tests.test_page_iter7.TestFullBleed" name="test_full_bleed_missing_field_in_put_keeps_default_false" time="0.103" /><testcase classname="backend.tests.test_page_number_align" name="test_default_page_number_align_is_right" time="0.189" /><testcase classname="backend.tests.test_page_number_align" name="test_update_page_number_align_persists" time="0.158" /><testcase classname="backend.tests.test_page_number_align" name="test_update_page_number_align_left" time="0.090" /><testcase classname="backend.tests.test_page_number_align" name="test_default_block_color_is_black" time="0.142" /><testcase classname="backend.tests.test_templates_api.TestTemplatesAPI" name="test_list_returns_array" time="0.110" /><testcase classname="backend.tests.test_templates_api.TestTemplatesAPI" name="test_create_and_get" time="0.272" /><testcase classname="backend.tests.test_templates_api.TestTemplatesAPI" name="test_list_sorted_desc" time="0.296" /><testcase classname="backend.tests.test_templates_api.TestTemplatesAPI" name="test_delete_removes" time="0.233" /><testcase classname="backend.tests.test_templates_api.TestTemplatesAPI" name="test_delete_nonexistent_404" time="0.104" /><testcase classname="backend.tests.test_templates_api.TestTemplatesAPI" name="test_create_book_then_apply_template_pages" time="0.335" /></testsuite></testsuites>