<?xml version="1.0" encoding="utf-8"?><testsuites name="pytest tests"><testsuite name="pytest" errors="0" failures="0" skipped="0" tests="32" time="4.649" timestamp="2026-05-24T18:59:53.339152+00:00" hostname="agent-env-f8d93737-bb4e-4764-bfdc-fd9467c22b4f"><testcase classname="backend.tests.test_assets_api.TestAssetsAPI" name="test_list_assets_shape" time="0.520" /><testcase classname="backend.tests.test_assets_api.TestAssetsAPI" name="test_upload_then_list_contains_new_asset" time="0.215" /><testcase classname="backend.tests.test_assets_api.TestAssetsAPI" name="test_delete_asset_soft_deletes" time="0.345" /><testcase classname="backend.tests.test_assets_api.TestAssetsAPI" name="test_delete_nonexistent_asset" time="0.048" /><testcase classname="backend.tests.test_assets_api.TestAssetsAPI" name="test_delete_already_deleted" time="0.334" /><testcase classname="backend.tests.test_books_api.TestBooksCRUD" name="test_create_book" time="0.152" /><testcase classname="backend.tests.test_books_api.TestBooksCRUD" name="test_list_books" time="0.084" /><testcase classname="backend.tests.test_books_api.TestBooksCRUD" name="test_get_book" time="0.052" /><testcase classname="backend.tests.test_books_api.TestBooksCRUD" name="test_update_book" time="0.153" /><testcase classname="backend.tests.test_books_api.TestBooksCRUD" name="test_delete_book" time="0.097" /><testcase classname="backend.tests.test_books_api.TestBooksCRUD" name="test_get_nonexistent_book" time="0.049" /><testcase classname="backend.tests.test_books_api.TestUpload" name="test_upload_and_fetch_image" time="0.305" /><testcase classname="backend.tests.test_books_api.TestUpload" name="test_upload_rejects_non_image" time="0.051" /><testcase classname="backend.tests.test_page_iter5.TestPageDefaults" name="test_default_background_is_light_yellow" time="0.178" /><testcase classname="backend.tests.test_page_iter5.TestPageDefaults" name="test_default_page_number_size_is_14" time="0.049" /><testcase classname="backend.tests.test_page_iter5.TestPageDefaults" name="test_default_show_page_number_true" time="0.048" /><testcase classname="backend.tests.test_page_iter5.TestPageDefaults" name="test_default_page_number_align_right" time="0.047" /><testcase classname="backend.tests.test_page_iter5.TestPageNumberSizeUpdate" name="test_put_page_number_size_24" time="0.146" /><testcase classname="backend.tests.test_page_iter5.TestPageNumberSizeUpdate" name="test_put_page_number_size_32" time="0.145" /><testcase classname="backend.tests.test_page_iter5.TestLayerZIndex" name="test_blocks_z_index_persist" time="0.146" /><testcase classname="backend.tests.test_page_iter5.TestLayerZIndex" name="test_negative_z_index_supported" time="0.094" /><testcase classname="backend.tests.test_page_iter5.TestTextBlockColorDefault" name="test_block_default_color_black" time="0.147" /><testcase classname="backend.tests.test_page_iter7.TestFullBleed" name="test_default_full_bleed_false_on_create" time="0.143" /><testcase classname="backend.tests.test_page_iter7.TestFullBleed" name="test_get_book_returns_full_bleed_false_default" time="0.053" /><testcase classname="backend.tests.test_page_iter7.TestFullBleed" name="test_put_accepts_full_bleed_true_and_persists" time="0.095" /><testcase classname="backend.tests.test_page_iter7.TestFullBleed" name="test_put_can_set_back_to_false" time="0.051" /><testcase classname="backend.tests.test_page_iter7.TestFullBleed" name="test_full_bleed_independent_per_page" time="0.053" /><testcase classname="backend.tests.test_page_iter7.TestFullBleed" name="test_full_bleed_missing_field_in_put_keeps_default_false" time="0.098" /><testcase classname="backend.tests.test_page_number_align" name="test_default_page_number_align_is_right" time="0.184" /><testcase classname="backend.tests.test_page_number_align" name="test_update_page_number_align_persists" time="0.186" /><testcase classname="backend.tests.test_page_number_align" name="test_update_page_number_align_left" time="0.117" /><testcase classname="backend.tests.test_page_number_align" name="test_default_block_color_is_black" time="0.178" /></testsuite></testsuites>