<?xml version="1.0" encoding="utf-8"?><testsuites name="pytest tests"><testsuite name="pytest" errors="0" failures="0" skipped="0" tests="13" time="2.474" timestamp="2026-05-24T18:07:08.409966+00:00" hostname="agent-env-f8d93737-bb4e-4764-bfdc-fd9467c22b4f"><testcase classname="backend.tests.test_books_api.TestBooksCRUD" name="test_create_book" time="0.295" /><testcase classname="backend.tests.test_books_api.TestBooksCRUD" name="test_list_books" time="0.050" /><testcase classname="backend.tests.test_books_api.TestBooksCRUD" name="test_get_book" time="0.052" /><testcase classname="backend.tests.test_books_api.TestBooksCRUD" name="test_update_book" time="0.163" /><testcase classname="backend.tests.test_books_api.TestBooksCRUD" name="test_delete_book" time="0.106" /><testcase classname="backend.tests.test_books_api.TestBooksCRUD" name="test_get_nonexistent_book" time="0.051" /><testcase classname="backend.tests.test_books_api.TestUpload" name="test_upload_and_fetch_image" time="0.307" /><testcase classname="backend.tests.test_books_api.TestUpload" name="test_upload_rejects_non_image" time="0.051" /><testcase classname="backend.tests.test_assets_api.TestAssetsAPI" name="test_list_assets_shape" time="0.290" /><testcase classname="backend.tests.test_assets_api.TestAssetsAPI" name="test_upload_then_list_contains_new_asset" time="0.266" /><testcase classname="backend.tests.test_assets_api.TestAssetsAPI" name="test_delete_asset_soft_deletes" time="0.407" /><testcase classname="backend.tests.test_assets_api.TestAssetsAPI" name="test_delete_nonexistent_asset" time="0.060" /><testcase classname="backend.tests.test_assets_api.TestAssetsAPI" name="test_delete_already_deleted" time="0.309" /></testsuite></testsuites>