<?xml version="1.0" encoding="utf-8"?><testsuites name="pytest tests"><testsuite name="pytest" errors="0" failures="0" skipped="0" tests="24" time="6.791" timestamp="2026-05-24T19:58:27.509187+00:00" hostname="agent-env-f8d93737-bb4e-4764-bfdc-fd9467c22b4f"><testcase classname="backend.tests.test_assets_book_scope_iter10.TestBookScopedAssets" name="test_upload_with_book_id_scopes_assets" time="0.860" /><testcase classname="backend.tests.test_assets_book_scope_iter10.TestBookScopedAssets" name="test_upload_without_book_id_legacy" time="0.296" /><testcase classname="backend.tests.test_assets_book_scope_iter10.TestBookScopedAssets" name="test_duplicate_book_clones_asset_records" time="0.528" /><testcase classname="backend.tests.test_assets_book_scope_iter10.TestBookScopedAssets" name="test_delete_book_soft_deletes_its_assets" time="0.623" /><testcase classname="backend.tests.test_assets_book_scope_iter10.TestBookScopedAssets" name="test_assets_list_legacy_regression" time="0.047" /><testcase classname="backend.tests.test_assets_api.TestAssetsAPI" name="test_list_assets_shape" time="0.339" /><testcase classname="backend.tests.test_assets_api.TestAssetsAPI" name="test_upload_then_list_contains_new_asset" time="0.229" /><testcase classname="backend.tests.test_assets_api.TestAssetsAPI" name="test_delete_asset_soft_deletes" time="0.428" /><testcase classname="backend.tests.test_assets_api.TestAssetsAPI" name="test_delete_nonexistent_asset" time="0.067" /><testcase classname="backend.tests.test_assets_api.TestAssetsAPI" name="test_delete_already_deleted" time="0.370" /><testcase classname="backend.tests.test_books_api.TestBooksCRUD" name="test_create_book" time="0.116" /><testcase classname="backend.tests.test_books_api.TestBooksCRUD" name="test_list_books" time="0.072" /><testcase classname="backend.tests.test_books_api.TestBooksCRUD" name="test_get_book" time="0.068" /><testcase classname="backend.tests.test_books_api.TestBooksCRUD" name="test_update_book" time="0.211" /><testcase classname="backend.tests.test_books_api.TestBooksCRUD" name="test_delete_book" time="0.135" /><testcase classname="backend.tests.test_books_api.TestBooksCRUD" name="test_get_nonexistent_book" time="0.068" /><testcase classname="backend.tests.test_books_api.TestUpload" name="test_upload_and_fetch_image" time="0.384" /><testcase classname="backend.tests.test_books_api.TestUpload" name="test_upload_rejects_non_image" time="0.069" /><testcase classname="backend.tests.test_templates_api.TestTemplatesAPI" name="test_list_returns_array" time="0.130" /><testcase classname="backend.tests.test_templates_api.TestTemplatesAPI" name="test_create_and_get" time="0.263" /><testcase classname="backend.tests.test_templates_api.TestTemplatesAPI" name="test_list_sorted_desc" time="0.500" /><testcase classname="backend.tests.test_templates_api.TestTemplatesAPI" name="test_delete_removes" time="0.256" /><testcase classname="backend.tests.test_templates_api.TestTemplatesAPI" name="test_delete_nonexistent_404" time="0.154" /><testcase classname="backend.tests.test_templates_api.TestTemplatesAPI" name="test_create_book_then_apply_template_pages" time="0.494" /></testsuite></testsuites>