<?xml version="1.0" encoding="utf-8"?><testsuites name="pytest tests"><testsuite name="pytest" errors="0" failures="0" skipped="0" tests="17" time="3.373" timestamp="2026-05-24T18:23:34.475706+00:00" hostname="agent-env-f8d93737-bb4e-4764-bfdc-fd9467c22b4f"><testcase classname="backend.tests.test_assets_api.TestAssetsAPI" name="test_list_assets_shape" time="0.520" /><testcase classname="backend.tests.test_assets_api.TestAssetsAPI" name="test_upload_then_list_contains_new_asset" time="0.208" /><testcase classname="backend.tests.test_assets_api.TestAssetsAPI" name="test_delete_asset_soft_deletes" time="0.401" /><testcase classname="backend.tests.test_assets_api.TestAssetsAPI" name="test_delete_nonexistent_asset" time="0.063" /><testcase classname="backend.tests.test_assets_api.TestAssetsAPI" name="test_delete_already_deleted" time="0.334" /><testcase classname="backend.tests.test_books_api.TestBooksCRUD" name="test_create_book" time="0.169" /><testcase classname="backend.tests.test_books_api.TestBooksCRUD" name="test_list_books" time="0.065" /><testcase classname="backend.tests.test_books_api.TestBooksCRUD" name="test_get_book" time="0.058" /><testcase classname="backend.tests.test_books_api.TestBooksCRUD" name="test_update_book" time="0.204" /><testcase classname="backend.tests.test_books_api.TestBooksCRUD" name="test_delete_book" time="0.113" /><testcase classname="backend.tests.test_books_api.TestBooksCRUD" name="test_get_nonexistent_book" time="0.053" /><testcase classname="backend.tests.test_books_api.TestUpload" name="test_upload_and_fetch_image" time="0.355" /><testcase classname="backend.tests.test_books_api.TestUpload" name="test_upload_rejects_non_image" time="0.054" /><testcase classname="backend.tests.test_page_number_align" name="test_default_page_number_align_is_right" time="0.214" /><testcase classname="backend.tests.test_page_number_align" name="test_update_page_number_align_persists" time="0.146" /><testcase classname="backend.tests.test_page_number_align" name="test_update_page_number_align_left" time="0.117" /><testcase classname="backend.tests.test_page_number_align" name="test_default_block_color_is_black" time="0.230" /></testsuite></testsuites>