<?xml version="1.0" encoding="utf-8"?><testsuites name="pytest tests"><testsuite name="pytest" errors="0" failures="0" skipped="0" tests="10" time="1.625" timestamp="2026-07-01T05:18:05.627794+00:00" hostname="agent-env-0718bab3-7b93-423e-aa71-4dcefbf85824"><testcase classname="backend.tests.test_book_diagnose_text_content.TestBookDiagnoseDefault" name="test_top_level_shape" time="0.613" /><testcase classname="backend.tests.test_book_diagnose_text_content.TestBookDiagnoseDefault" name="test_page_level_new_fields" time="0.055" /><testcase classname="backend.tests.test_book_diagnose_text_content.TestBookDiagnoseDefault" name="test_text_blocks_have_metadata_but_no_html" time="0.056" /><testcase classname="backend.tests.test_book_diagnose_text_content.TestBookDiagnoseWithText" name="test_include_text_true_echoed" time="0.062" /><testcase classname="backend.tests.test_book_diagnose_text_content.TestBookDiagnoseWithText" name="test_belinda_html_present_and_short" time="0.051" /><testcase classname="backend.tests.test_book_diagnose_text_content.TestBookDiagnoseWithText" name="test_truncation_exact_20kb" time="0.222" /><testcase classname="backend.tests.test_book_diagnose_text_content.TestBookDiagnoseWithText" name="test_missing_fonts_detected" time="0.049" /><testcase classname="backend.tests.test_book_diagnose_text_content.TestReadOnlyInvariant" name="test_updated_at_unchanged" time="0.205" /><testcase classname="backend.tests.test_book_diagnose_text_content.TestRegressionOldConsumers" name="test_block_geom_still_present" time="0.051" /><testcase classname="backend.tests.test_book_diagnose_text_content.TestRegressionOldConsumers" name="test_image_blocks_still_have_file_record" time="0.213" /></testsuite></testsuites>