<?xml version="1.0" encoding="utf-8"?><testsuites name="pytest tests"><testsuite name="pytest" errors="0" failures="0" skipped="0" tests="8" time="1.535" timestamp="2026-06-30T01:39:25.813472+00:00" hostname="agent-env-0718bab3-7b93-423e-aa71-4dcefbf85824"><testcase classname="tests.test_audit_recent_health.TestStorageAudit" name="test_audit_returns_fast_and_correct_shape" time="0.886" /><testcase classname="tests.test_audit_recent_health.TestStorageAudit" name="test_audit_is_idempotent" time="0.108" /><testcase classname="tests.test_audit_recent_health.TestStorageAudit" name="test_audit_forbidden_for_anonymous" time="0.096" /><testcase classname="tests.test_audit_recent_health.TestRecentExports" name="test_recent_exports_shape" time="0.057" /><testcase classname="tests.test_audit_recent_health.TestRecentExports" name="test_recent_exports_forbidden_for_anonymous" time="0.042" /><testcase classname="tests.test_audit_recent_health.TestFileHealth" name="test_file_health_clean_book" time="0.113" /><testcase classname="tests.test_audit_recent_health.TestFileHealth" name="test_file_health_404_for_unknown_book" time="0.051" /><testcase classname="tests.test_audit_recent_health.TestFileHealth" name="test_file_health_requires_auth" time="0.146" /></testsuite></testsuites>