<?xml version="1.0" encoding="utf-8"?><testsuites name="pytest tests"><testsuite name="pytest" errors="0" failures="12" skipped="0" tests="191" time="206.876" timestamp="2026-06-30T01:33:44.089982+00:00" hostname="agent-env-0718bab3-7b93-423e-aa71-4dcefbf85824"><testcase classname="tests.test_admin_storage_audit.TestStorageAuditAccessControl" name="test_non_admin_user_gets_403" time="1.028" /><testcase classname="tests.test_admin_storage_audit.TestStorageAuditAccessControl" name="test_admin_user_gets_200_with_documented_shape" time="0.365" /><testcase classname="tests.test_admin_storage_audit.TestStorageAuditClassification" name="test_audit_categorises_synthetic_rows" time="0.050" /><testcase classname="tests.test_admin_storage_audit.TestRecentExportsAccessControl" name="test_non_admin_gets_403" time="0.588" /><testcase classname="tests.test_admin_storage_audit.TestRecentExportsAccessControl" name="test_admin_gets_200_with_documented_shape" time="0.041" /><testcase classname="tests.test_admin_storage_audit.TestFileHealthEndpoint" name="test_unknown_book_returns_404" time="0.045" /><testcase classname="tests.test_admin_storage_audit.TestFileHealthEndpoint" name="test_book_with_no_image_blocks_returns_empty" time="0.049" /><testcase classname="tests.test_admin_storage_audit.TestFileHealthEndpoint" name="test_book_with_missing_and_no_dim_images" time="0.053" /><testcase classname="tests.test_admin_users.TestUserManagement" name="test_admin_can_list_users" time="0.108" /><testcase classname="tests.test_admin_users.TestUserManagement" name="test_non_admin_cannot_list_users" time="0.857" /><testcase classname="tests.test_admin_users.TestUserManagement" name="test_create_then_delete_user" time="0.476" /><testcase classname="tests.test_admin_users.TestUserManagement" name="test_create_user_duplicate_email_rejected" time="0.439" /><testcase classname="tests.test_admin_users.TestUserManagement" name="test_admin_cant_delete_self" time="0.156" /><testcase classname="tests.test_admin_users.TestUserManagement" name="test_cant_delete_last_admin" time="0.304" /><testcase classname="tests.test_admin_users.TestChangePassword" name="test_user_can_change_own_password" time="1.921" /><testcase classname="tests.test_admin_users.TestChangePassword" name="test_change_password_wrong_current_rejected" time="1.021" /><testcase classname="tests.test_admin_users.TestChangePassword" name="test_admin_can_reset_anothers_password" time="0.960" /><testcase classname="tests.test_assets_api.TestAssetsAPI" name="test_list_assets_shape" time="0.100"><failure message="AssertionError: {&quot;detail&quot;:&quot;This file appears to be corrupted or is not a valid image. Please try uploading it again.&quot;}&#10;assert 400 == 200&#10; +  where 400 = &lt;Response [400]&gt;.status_code">E   AssertionError: {"detail":"This file appears to be corrupted or is not a valid image. Please try uploading it again."}
    assert 400 == 200
     +  where 400 = &lt;Response [400]&gt;.status_code</failure></testcase><testcase classname="tests.test_assets_api.TestAssetsAPI" name="test_upload_then_list_contains_new_asset" time="0.042"><failure message="AssertionError: {&quot;detail&quot;:&quot;This file appears to be corrupted or is not a valid image. Please try uploading it again.&quot;}&#10;assert 400 == 200&#10; +  where 400 = &lt;Response [400]&gt;.status_code">E   AssertionError: {"detail":"This file appears to be corrupted or is not a valid image. Please try uploading it again."}
    assert 400 == 200
     +  where 400 = &lt;Response [400]&gt;.status_code</failure></testcase><testcase classname="tests.test_assets_api.TestAssetsAPI" name="test_delete_asset_soft_deletes" time="0.044"><failure message="AssertionError: {&quot;detail&quot;:&quot;This file appears to be corrupted or is not a valid image. Please try uploading it again.&quot;}&#10;assert 400 == 200&#10; +  where 400 = &lt;Response [400]&gt;.status_code">E   AssertionError: {"detail":"This file appears to be corrupted or is not a valid image. Please try uploading it again."}
    assert 400 == 200
     +  where 400 = &lt;Response [400]&gt;.status_code</failure></testcase><testcase classname="tests.test_assets_api.TestAssetsAPI" name="test_delete_nonexistent_asset" time="0.045" /><testcase classname="tests.test_assets_api.TestAssetsAPI" name="test_delete_already_deleted" time="0.043"><failure message="AssertionError: {&quot;detail&quot;:&quot;This file appears to be corrupted or is not a valid image. Please try uploading it again.&quot;}&#10;assert 400 == 200&#10; +  where 400 = &lt;Response [400]&gt;.status_code">E   AssertionError: {"detail":"This file appears to be corrupted or is not a valid image. Please try uploading it again."}
    assert 400 == 200
     +  where 400 = &lt;Response [400]&gt;.status_code</failure></testcase><testcase classname="tests.test_assets_api.TestAssetReplace" name="test_replace_preserves_id_and_path" time="0.042"><failure message="AssertionError: {&quot;detail&quot;:&quot;This file appears to be corrupted or is not a valid image. Please try uploading it again.&quot;}&#10;assert 400 == 200&#10; +  where 400 = &lt;Response [400]&gt;.status_code">E   AssertionError: {"detail":"This file appears to be corrupted or is not a valid image. Please try uploading it again."}
    assert 400 == 200
     +  where 400 = &lt;Response [400]&gt;.status_code</failure></testcase><testcase classname="tests.test_assets_api.TestAssetReplace" name="test_replace_nonexistent_asset" time="0.047" /><testcase classname="tests.test_assets_api.TestAssetReplace" name="test_replace_rejects_non_image" time="0.044"><failure message="AssertionError: {&quot;detail&quot;:&quot;This file appears to be corrupted or is not a valid image. Please try uploading it again.&quot;}&#10;assert 400 == 200&#10; +  where 400 = &lt;Response [400]&gt;.status_code">E   AssertionError: {"detail":"This file appears to be corrupted or is not a valid image. Please try uploading it again."}
    assert 400 == 200
     +  where 400 = &lt;Response [400]&gt;.status_code</failure></testcase><testcase classname="tests.test_assets_book_scope_iter10.TestBookScopedAssets" name="test_upload_with_book_id_scopes_assets" time="0.192"><failure message="AssertionError: {&quot;detail&quot;:&quot;This file appears to be corrupted or is not a valid image. Please try uploading it again.&quot;}&#10;assert 400 == 200&#10; +  where 400 = &lt;Response [400]&gt;.status_code">E   AssertionError: {"detail":"This file appears to be corrupted or is not a valid image. Please try uploading it again."}
    assert 400 == 200
     +  where 400 = &lt;Response [400]&gt;.status_code</failure></testcase><testcase classname="tests.test_assets_book_scope_iter10.TestBookScopedAssets" name="test_upload_without_book_id_legacy" time="0.041"><failure message="AssertionError: {&quot;detail&quot;:&quot;This file appears to be corrupted or is not a valid image. Please try uploading it again.&quot;}&#10;assert 400 == 200&#10; +  where 400 = &lt;Response [400]&gt;.status_code">E   AssertionError: {"detail":"This file appears to be corrupted or is not a valid image. Please try uploading it again."}
    assert 400 == 200
     +  where 400 = &lt;Response [400]&gt;.status_code</failure></testcase><testcase classname="tests.test_assets_book_scope_iter10.TestBookScopedAssets" name="test_duplicate_book_clones_asset_records" time="0.085"><failure message="AssertionError: {&quot;detail&quot;:&quot;This file appears to be corrupted or is not a valid image. Please try uploading it again.&quot;}&#10;assert 400 == 200&#10; +  where 400 = &lt;Response [400]&gt;.status_code">E   AssertionError: {"detail":"This file appears to be corrupted or is not a valid image. Please try uploading it again."}
    assert 400 == 200
     +  where 400 = &lt;Response [400]&gt;.status_code</failure></testcase><testcase classname="tests.test_assets_book_scope_iter10.TestBookScopedAssets" name="test_delete_book_soft_deletes_its_assets" time="0.143"><failure message="AssertionError: {&quot;detail&quot;:&quot;This file appears to be corrupted or is not a valid image. Please try uploading it again.&quot;}&#10;assert 400 == 200&#10; +  where 400 = &lt;Response [400]&gt;.status_code">E   AssertionError: {"detail":"This file appears to be corrupted or is not a valid image. Please try uploading it again."}
    assert 400 == 200
     +  where 400 = &lt;Response [400]&gt;.status_code</failure></testcase><testcase classname="tests.test_assets_book_scope_iter10.TestBookScopedAssets" name="test_assets_list_legacy_regression" time="0.074" /><testcase classname="tests.test_auth" name="test_login_returns_jwt_and_user_info" time="0.320" /><testcase classname="tests.test_auth" name="test_protected_route_rejects_unauthenticated" time="0.109" /><testcase classname="tests.test_auth" name="test_protected_route_accepts_bearer_token" time="0.416" /><testcase classname="tests.test_auth" name="test_me_returns_current_user" time="0.451" /><testcase classname="tests.test_auth" name="test_invalid_password_returns_401" time="0.322" /><testcase classname="tests.test_auth" name="test_unknown_email_returns_401" time="0.106" /><testcase classname="tests.test_auth" name="test_files_endpoint_is_public" time="0.104" /><testcase classname="tests.test_auth" name="test_pdf_health_is_public" time="0.788" /><testcase classname="tests.test_auth" name="test_brute_force_lockout_after_repeated_failures" time="0.633" /><testcase classname="tests.test_book_import.TestBookImport" name="test_import_txt_with_page_labels" time="0.149" /><testcase classname="tests.test_book_import.TestBookImport" name="test_import_txt_without_labels_uses_paragraphs" time="0.098" /><testcase classname="tests.test_book_import.TestBookImport" name="test_import_md_with_headings" time="0.126" /><testcase classname="tests.test_book_import.TestBookImport" name="test_import_explicit_title_author_override" time="0.091" /><testcase classname="tests.test_book_import.TestBookImport" name="test_import_rejects_unknown_extension" time="0.058" /><testcase classname="tests.test_book_import.TestBookImport" name="test_import_rejects_empty_document" time="0.047" /><testcase classname="tests.test_books_api.TestBooksCRUD" name="test_create_book" time="0.099" /><testcase classname="tests.test_books_api.TestBooksCRUD" name="test_list_books" time="0.044" /><testcase classname="tests.test_books_api.TestBooksCRUD" name="test_get_book" time="0.045" /><testcase classname="tests.test_books_api.TestBooksCRUD" name="test_update_book" time="0.137" /><testcase classname="tests.test_books_api.TestBooksCRUD" name="test_delete_book" time="0.098" /><testcase classname="tests.test_books_api.TestBooksCRUD" name="test_get_nonexistent_book" time="0.047" /><testcase classname="tests.test_books_api.TestUpload" name="test_upload_and_fetch_image" time="0.047"><failure message="AssertionError: {&quot;detail&quot;:&quot;This file appears to be corrupted or is not a valid image. Please try uploading it again.&quot;}&#10;assert 400 == 200&#10; +  where 400 = &lt;Response [400]&gt;.status_code">E   AssertionError: {"detail":"This file appears to be corrupted or is not a valid image. Please try uploading it again."}
    assert 400 == 200
     +  where 400 = &lt;Response [400]&gt;.status_code</failure></testcase><testcase classname="tests.test_books_api.TestUpload" name="test_upload_rejects_non_image" time="0.044" /><testcase classname="tests.test_export_dpi.TestDpiResolverUnit" name="test_allowed_values_pass_through[300]" time="0.000" /><testcase classname="tests.test_export_dpi.TestDpiResolverUnit" name="test_allowed_values_pass_through[450]" time="0.000" /><testcase classname="tests.test_export_dpi.TestDpiResolverUnit" name="test_allowed_values_pass_through[600]" time="0.000" /><testcase classname="tests.test_export_dpi.TestDpiResolverUnit" name="test_bad_values_snap_to_default[None]" time="0.000" /><testcase classname="tests.test_export_dpi.TestDpiResolverUnit" name="test_bad_values_snap_to_default[0]" time="0.000" /><testcase classname="tests.test_export_dpi.TestDpiResolverUnit" name="test_bad_values_snap_to_default[150]" time="0.000" /><testcase classname="tests.test_export_dpi.TestDpiResolverUnit" name="test_bad_values_snap_to_default[299]" time="0.000" /><testcase classname="tests.test_export_dpi.TestDpiResolverUnit" name="test_bad_values_snap_to_default[301]" time="0.000" /><testcase classname="tests.test_export_dpi.TestDpiResolverUnit" name="test_bad_values_snap_to_default[1200]" time="0.000" /><testcase classname="tests.test_export_dpi.TestDpiResolverUnit" name="test_bad_values_snap_to_default[high]" time="0.000" /><testcase classname="tests.test_export_dpi.TestDpiResolverUnit" name="test_bad_values_snap_to_default[-100]" time="0.000" /><testcase classname="tests.test_export_dpi.TestDpiResolverUnit" name="test_bad_values_snap_to_default[3.14]" time="0.000" /><testcase classname="tests.test_export_dpi.TestDpiResolverUnit" name="test_caps_are_monotonic" time="0.000" /><testcase classname="tests.test_export_dpi.TestDpiApiPersistence" name="test_dpi_persisted_on_job[300]" time="0.502" /><testcase classname="tests.test_export_dpi.TestDpiApiPersistence" name="test_dpi_persisted_on_job[450]" time="0.703" /><testcase classname="tests.test_export_dpi.TestDpiApiPersistence" name="test_dpi_persisted_on_job[600]" time="0.860" /><testcase classname="tests.test_export_dpi.TestDpiApiPersistence" name="test_unknown_dpi_snaps_to_300" time="1.630" /><testcase classname="tests.test_export_dpi.TestDpiApiPersistence" name="test_default_dpi_is_300_when_omitted" time="0.673" /><testcase classname="tests.test_export_dpi.TestHighDpiRenders" name="test_high_dpi_export_completes" time="3.292" /><testcase classname="tests.test_export_image_resolution.TestEmbeddedImageResolutionMeets300DPI" name="test_full_bleed_image_meets_min_dpi[square-8.75]" time="4.980" /><testcase classname="tests.test_export_image_resolution.TestEmbeddedImageResolutionMeets300DPI" name="test_full_bleed_image_meets_min_dpi[a4-11.692913385826772]" time="5.028" /><testcase classname="tests.test_export_image_resolution.TestEmbeddedImageResolutionMeets300DPI" name="test_full_bleed_image_meets_min_dpi[letter-11.0]" time="4.992" /><testcase classname="tests.test_export_image_resolution.TestEmbeddedImageResolutionMeets300DPI" name="test_full_bleed_image_meets_min_dpi[book6x9-9.0]" time="4.857" /><testcase classname="tests.test_export_image_resolution.TestSquareTrimIs8_75Inches" name="test_pdf_mediabox_is_648pt" time="2.352" /><testcase classname="tests.test_font_subsetting.TestUsedFontFamiliesScan" name="test_empty_book_always_includes_cormorant_default" time="4.618" /><testcase classname="tests.test_font_subsetting.TestUsedFontFamiliesScan" name="test_per_block_font_family_is_scanned" time="0.001" /><testcase classname="tests.test_font_subsetting.TestUsedFontFamiliesScan" name="test_text_presets_scanned" time="0.001" /><testcase classname="tests.test_font_subsetting.TestUsedFontFamiliesScan" name="test_inline_rich_text_font_family_is_scanned" time="0.001" /><testcase classname="tests.test_font_subsetting.TestUsedFontFamiliesScan" name="test_missing_family_flagged_when_not_in_cache_and_not_system" time="0.001" /><testcase classname="tests.test_font_subsetting.TestUsedFontFamiliesScan" name="test_system_fonts_are_not_flagged_as_missing" time="0.001" /><testcase classname="tests.test_font_subsetting.TestUsedFontFamiliesScan" name="test_quoted_inline_family_is_normalised" time="0.001" /><testcase classname="tests.test_font_subsetting.TestUsedFontFamiliesScan" name="test_cache_membership_is_case_insensitive" time="0.001" /><testcase classname="tests.test_font_subsetting.TestGoogleFontsCssSubsetting" name="test_no_subset_returns_full_catalog" time="0.000" /><testcase classname="tests.test_font_subsetting.TestGoogleFontsCssSubsetting" name="test_subset_is_proper_subset_of_full" time="0.001" /><testcase classname="tests.test_font_subsetting.TestGoogleFontsCssSubsetting" name="test_subset_with_two_families_keeps_both" time="0.000" /><testcase classname="tests.test_font_subsetting.TestGoogleFontsCssSubsetting" name="test_subset_with_missing_family_silently_drops_it" time="0.000" /><testcase classname="tests.test_font_subsetting.TestSystemFontsList" name="test_includes_editor_dropdown_system_options" time="0.000" /><testcase classname="tests.test_font_subsetting.TestSystemFontsList" name="test_includes_css_generic_keywords" time="0.000" /><testcase classname="tests.test_image_background_color.TestRenderBlockBackground" name="test_image_block_with_bg_includes_css" time="0.000" /><testcase classname="tests.test_image_background_color.TestRenderBlockBackground" name="test_image_block_without_bg_unchanged" time="0.000" /><testcase classname="tests.test_image_background_color.TestRenderBlockBackground" name="test_empty_image_block_with_bg_renders_as_color_tile" time="0.000" /><testcase classname="tests.test_image_background_color.TestRenderBlockBackground" name="test_text_blocks_ignore_background_color" time="0.000" /><testcase classname="tests.test_image_background_color.TestBackgroundColorPersistence" name="test_field_persists_on_save_and_load" time="0.594" /><testcase classname="tests.test_ingramspark_phase1.TestPrintBoxes" name="test_square_book_has_canonical_ingramspark_boxes" time="3.493" /><testcase classname="tests.test_ingramspark_phase1.TestPrintBoxes" name="test_odd_paged_book_is_padded_with_correct_parity_blank" time="4.795" /><testcase classname="tests.test_ingramspark_phase1.TestPrintBoxes" name="test_even_paged_book_is_unchanged" time="5.379" /><testcase classname="tests.test_ingramspark_phase1.TestPreflightEndpoint" name="test_odd_paged_book_returns_parity_warning" time="0.585" /><testcase classname="tests.test_ingramspark_phase1.TestPreflightEndpoint" name="test_even_paged_book_returns_ok" time="0.603" /><testcase classname="tests.test_ingramspark_phase1.TestPreflightEndpoint" name="test_nonexistent_book_404" time="0.381" /><testcase classname="tests.test_ingramspark_phase2.TestIsbnNaming" name="test_isbn_drives_interior_filename" time="9.366" /><testcase classname="tests.test_ingramspark_phase2.TestIsbnNaming" name="test_cover_spread_uses_cvr_suffix" time="10.312" /><testcase classname="tests.test_ingramspark_phase2.TestIsbnNaming" name="test_blank_isbn_falls_back_to_title_slug" time="2.238" /><testcase classname="tests.test_ingramspark_phase2.TestIsbnNaming" name="test_invalid_isbn_falls_back_to_title_slug" time="2.304" /><testcase classname="tests.test_ingramspark_phase2.TestPreflightInkCoverage" name="test_text_above_240_tac_surfaces_warning" time="0.622" /><testcase classname="tests.test_ingramspark_phase2.TestPreflightInkCoverage" name="test_safe_colour_passes" time="0.604" /><testcase classname="tests.test_ingramspark_phase3.TestCoverSpreadGeometryUnit" name="test_perfect_bound_geometry" time="0.000" /><testcase classname="tests.test_ingramspark_phase3.TestCoverSpreadGeometryUnit" name="test_casebound_geometry_adds_wrap_and_spine_allowance" time="0.000" /><testcase classname="tests.test_ingramspark_phase3.TestCoverSpreadGeometryUnit" name="test_casebound_is_wider_and_taller_than_perfect" time="0.000" /><testcase classname="tests.test_ingramspark_phase3.TestCoverSpreadGeometryUnit" name="test_invalid_binding_falls_back_to_perfect" time="0.000" /><testcase classname="tests.test_ingramspark_phase3.TestCoverSpreadGeometryUnit" name="test_explicit_spine_width_overrides_calculation" time="0.000" /><testcase classname="tests.test_ingramspark_phase3.TestCoverSpreadApi" name="test_casebound_request_records_binding" time="10.148" /><testcase classname="tests.test_ingramspark_phase3.TestCoverSpreadApi" name="test_perfect_bound_request_default" time="9.795" /><testcase classname="tests.test_ingramspark_phase3.TestCoverSpreadApi" name="test_invalid_binding_does_not_error" time="10.188" /><testcase classname="tests.test_ingramspark_phase3" name="test_pdf_pixel_size_grows_with_binding[perfect]" time="0.000" /><testcase classname="tests.test_ingramspark_phase3" name="test_pdf_pixel_size_grows_with_binding[casebound]" time="0.000" /><testcase classname="tests.test_page_iter5.TestPageDefaults" name="test_default_background_is_light_yellow" time="0.180" /><testcase classname="tests.test_page_iter5.TestPageDefaults" name="test_default_page_number_size_is_14" time="0.042" /><testcase classname="tests.test_page_iter5.TestPageDefaults" name="test_default_show_page_number_true" time="0.044" /><testcase classname="tests.test_page_iter5.TestPageDefaults" name="test_default_page_number_align_right" time="0.048" /><testcase classname="tests.test_page_iter5.TestPageNumberSizeUpdate" name="test_put_page_number_size_24" time="0.134" /><testcase classname="tests.test_page_iter5.TestPageNumberSizeUpdate" name="test_put_page_number_size_32" time="0.147" /><testcase classname="tests.test_page_iter5.TestLayerZIndex" name="test_blocks_z_index_persist" time="0.137" /><testcase classname="tests.test_page_iter5.TestLayerZIndex" name="test_negative_z_index_supported" time="0.093" /><testcase classname="tests.test_page_iter5.TestTextBlockColorDefault" name="test_block_default_color_black" time="0.142" /><testcase classname="tests.test_page_iter7.TestFullBleed" name="test_default_full_bleed_false_on_create" time="0.106" /><testcase classname="tests.test_page_iter7.TestFullBleed" name="test_get_book_returns_full_bleed_false_default" time="0.043" /><testcase classname="tests.test_page_iter7.TestFullBleed" name="test_put_accepts_full_bleed_true_and_persists" time="0.101" /><testcase classname="tests.test_page_iter7.TestFullBleed" name="test_put_can_set_back_to_false" time="0.044" /><testcase classname="tests.test_page_iter7.TestFullBleed" name="test_full_bleed_independent_per_page" time="0.045" /><testcase classname="tests.test_page_iter7.TestFullBleed" name="test_full_bleed_missing_field_in_put_keeps_default_false" time="0.087" /><testcase classname="tests.test_page_number_align" name="test_default_page_number_align_is_right" time="0.140" /><testcase classname="tests.test_page_number_align" name="test_update_page_number_align_persists" time="0.180" /><testcase classname="tests.test_page_number_align" name="test_update_page_number_align_left" time="0.095" /><testcase classname="tests.test_page_number_align" name="test_default_block_color_is_black" time="0.165" /><testcase classname="tests.test_pdf_cancel.TestPdfCancel" name="test_cancel_nonexistent_job_returns_404" time="0.219" /><testcase classname="tests.test_pdf_cancel.TestPdfCancel" name="test_cancel_pending_job_flips_to_failed_with_clean_message" time="1.524" /><testcase classname="tests.test_pdf_cancel.TestPdfCancel" name="test_cancel_already_finished_job_is_noop" time="1.901" /><testcase classname="tests.test_pdf_export.TestPdfExport" name="test_small_book_pdf_export" time="1.614" /><testcase classname="tests.test_pdf_export.TestPdfExport" name="test_large_book_pdf_export" time="3.404" /><testcase classname="tests.test_pdf_export.TestPdfExport" name="test_pdf_export_unknown_book_returns_404" time="0.045" /><testcase classname="tests.test_pdf_export.TestPdfExport" name="test_pdf_export_for_freshly_created_book" time="0.660" /><testcase classname="tests.test_pdf_export.TestPdfExport" name="test_pdf_export_handles_full_bleed_page" time="0.693" /><testcase classname="tests.test_pdf_export.TestPdfExport" name="test_pdf_export_embeds_image_blocks" time="0.043"><failure message="AssertionError: {&quot;detail&quot;:&quot;This file appears to be corrupted or is not a valid image. Please try uploading it again.&quot;}&#10;assert 400 == 200&#10; +  where 400 = &lt;Response [400]&gt;.status_code">E   AssertionError: {"detail":"This file appears to be corrupted or is not a valid image. Please try uploading it again."}
    assert 400 == 200
     +  where 400 = &lt;Response [400]&gt;.status_code</failure></testcase><testcase classname="tests.test_pdf_export_jobs.TestPdfExportJobs" name="test_start_returns_pending_job" time="0.203" /><testcase classname="tests.test_pdf_export_jobs.TestPdfExportJobs" name="test_start_404_for_unknown_book" time="0.045" /><testcase classname="tests.test_pdf_export_jobs.TestPdfExportJobs" name="test_status_404_for_unknown_job" time="0.052" /><testcase classname="tests.test_pdf_export_jobs.TestPdfExportJobs" name="test_full_flow_start_poll_download" time="17.731" /><testcase classname="tests.test_pdf_export_jobs.TestPdfExportJobs" name="test_download_409_when_still_pending" time="9.786" /><testcase classname="tests.test_pdf_export_jobs.TestPdfExportRangeAndHistory" name="test_range_export_writes_only_those_pages" time="4.273" /><testcase classname="tests.test_pdf_export_jobs.TestPdfExportRangeAndHistory" name="test_range_export_preserves_original_page_numbers" time="4.363" /><testcase classname="tests.test_pdf_export_jobs.TestPdfExportRangeAndHistory" name="test_range_export_appears_in_history" time="2.917" /><testcase classname="tests.test_pdf_export_jobs.TestPdfExportRangeAndHistory" name="test_full_export_records_unbounded_range" time="4.271" /><testcase classname="tests.test_pdf_export_jobs.TestPdfExportRangeAndHistory" name="test_invalid_ranges_are_rejected" time="0.321" /><testcase classname="tests.test_pdf_export_jobs.TestPdfExportRangeAndHistory" name="test_delete_book_clears_export_history" time="3.576" /><testcase classname="tests.test_pdf_export_jobs.TestPdfExportRangeAndHistory" name="test_pdfx_export_produces_pdfx1a_compliant_file" time="4.916" /><testcase classname="tests.test_pdf_export_jobs.TestPdfExportRangeAndHistory" name="test_pdfx_export_adds_interior_bleed_and_trimbox" time="6.586" /><testcase classname="tests.test_pdf_export_jobs.TestPdfExportRangeAndHistory" name="test_cover_spread_export_produces_single_wide_page_with_bleed" time="9.526" /><testcase classname="tests.test_pdf_export_timeouts.TestImageFetchTimeout" name="test_wait_for_kills_slow_fetch" time="2.002" /><testcase classname="tests.test_pdf_export_timeouts.TestStuckJobSweeper" name="test_old_pending_job_eventually_fails" time="0.005" /><testcase classname="tests.test_pdf_export_timeouts.TestRetryFallbackMath" name="test_single_page_range_does_not_subdivide" time="0.000" /><testcase classname="tests.test_pdf_export_timeouts.TestRetryFallbackMath" name="test_multi_page_range_subdivides_correctly" time="0.000" /><testcase classname="tests.test_pdf_metadata.TestPdfMetadataStamping" name="test_title_and_author_are_stamped" time="0.002" /><testcase classname="tests.test_pdf_metadata.TestPdfMetadataStamping" name="test_missing_title_defaults_to_untitled" time="0.001" /><testcase classname="tests.test_pdf_metadata.TestPdfMetadataStamping" name="test_isbn_placeholder_when_blank" time="0.001" /><testcase classname="tests.test_pdf_metadata.TestPdfMetadataStamping" name="test_isbn_placeholder_when_field_absent" time="0.001" /><testcase classname="tests.test_pdf_metadata.TestPdfMetadataStamping" name="test_isbn_placeholder_when_malformed" time="0.003" /><testcase classname="tests.test_pdf_metadata.TestPdfMetadataStamping" name="test_isbn_13_digit_normalized_and_stamped" time="0.001" /><testcase classname="tests.test_pdf_metadata.TestPdfMetadataStamping" name="test_isbn_10_digit_recognised" time="0.001" /><testcase classname="tests.test_pdf_metadata.TestPdfMetadataStamping" name="test_isbn_10_with_check_X_recognised" time="0.001" /><testcase classname="tests.test_pdf_metadata.TestPdfMetadataStamping" name="test_publisher_defaults_to_self_published" time="0.001" /><testcase classname="tests.test_pdf_metadata.TestPdfMetadataStamping" name="test_publisher_stamped_when_set" time="0.001" /><testcase classname="tests.test_pdf_metadata.TestPdfMetadataStamping" name="test_producer_identifies_pipeline" time="0.001" /><testcase classname="tests.test_pdf_metadata.TestPdfMetadataStamping" name="test_creation_and_mod_dates_set" time="0.001" /><testcase classname="tests.test_pdf_metadata.TestPdfMetadataStamping" name="test_idempotent" time="0.001" /><testcase classname="tests.test_pdf_metadata.TestPdfMetadataStamping" name="test_corrupt_input_returns_unchanged" time="0.000" /><testcase classname="tests.test_pdf_metadata.TestPdfMetadataStamping" name="test_multi_page_pdf_keeps_page_count" time="0.002" /><testcase classname="tests.test_pdf_metadata.TestPdfMetadataStamping" name="test_unicode_title_round_trips" time="0.002" /><testcase classname="tests.test_templates_api.TestTemplatesAPI" name="test_list_returns_array" time="0.149" /><testcase classname="tests.test_templates_api.TestTemplatesAPI" name="test_create_and_get" time="0.226" /><testcase classname="tests.test_templates_api.TestTemplatesAPI" name="test_list_sorted_desc" time="0.272" /><testcase classname="tests.test_templates_api.TestTemplatesAPI" name="test_delete_removes" time="0.173" /><testcase classname="tests.test_templates_api.TestTemplatesAPI" name="test_delete_nonexistent_404" time="0.107" /><testcase classname="tests.test_templates_api.TestTemplatesAPI" name="test_create_book_then_apply_template_pages" time="0.339" /><testcase classname="tests.test_upload_validation.TestUploadValidationRejections" name="test_zero_byte_file_rejected_with_400" time="0.380" /><testcase classname="tests.test_upload_validation.TestUploadValidationRejections" name="test_truncated_png_rejected_with_400" time="0.377" /><testcase classname="tests.test_upload_validation.TestUploadValidationRejections" name="test_text_file_with_png_extension_rejected" time="0.379" /><testcase classname="tests.test_upload_validation.TestUploadValidationAcceptance" name="test_valid_png_uploads_and_persists_dimensions" time="0.646" /><testcase classname="tests.test_upload_validation.TestUploadValidationAcceptance" name="test_valid_jpeg_uploads_and_persists_dimensions" time="1.206" /></testsuite></testsuites>