<?xml version="1.0" encoding="utf-8"?><testsuites name="pytest tests"><testsuite name="pytest" errors="0" failures="0" skipped="0" tests="8" time="1.318" timestamp="2026-05-23T23:15:57.859434+00:00" hostname="agent-env-f8d93737-bb4e-4764-bfdc-fd9467c22b4f"><testcase classname="backend.tests.test_books_api.TestBooksCRUD" name="test_create_book" time="0.339" /><testcase classname="backend.tests.test_books_api.TestBooksCRUD" name="test_list_books" time="0.053" /><testcase classname="backend.tests.test_books_api.TestBooksCRUD" name="test_get_book" time="0.055" /><testcase classname="backend.tests.test_books_api.TestBooksCRUD" name="test_update_book" time="0.164" /><testcase classname="backend.tests.test_books_api.TestBooksCRUD" name="test_delete_book" time="0.122" /><testcase classname="backend.tests.test_books_api.TestBooksCRUD" name="test_get_nonexistent_book" time="0.056" /><testcase classname="backend.tests.test_books_api.TestUpload" name="test_upload_and_fetch_image" time="0.392" /><testcase classname="backend.tests.test_books_api.TestUpload" name="test_upload_rejects_non_image" time="0.052" /></testsuite></testsuites>